[31-Dec-2011 18:41:22] PHP Parse error:  syntax error, unexpected T_ENCAPSED_AND_WHITESPACE, expecting T_STRING or T_VARIABLE or T_NUM_STRING in /var/www/apps/response.php on line 39
[31-Dec-2011 18:41:41] PHP Parse error:  syntax error, unexpected T_ENCAPSED_AND_WHITESPACE, expecting T_STRING or T_VARIABLE or T_NUM_STRING in /var/www/apps/response.php on line 39
[31-Dec-2011 18:41:43] PHP Parse error:  syntax error, unexpected T_ENCAPSED_AND_WHITESPACE, expecting T_STRING or T_VARIABLE or T_NUM_STRING in /var/www/apps/response.php on line 39
[31-Dec-2011 18:45:59] PHP Parse error:  syntax error, unexpected T_LOGICAL_OR in /var/www/apps/response.php on line 3
[31-Dec-2011 18:52:55] PHP Warning:  simplexml_load_file(http://pneskin2.nekoget.com/sitemap.xml): failed to open stream: HTTP request failed! HTTP/1.1 404 Not Found
 in /var/www/apps/response.php on line 11
[31-Dec-2011 18:52:55] PHP Warning:  simplexml_load_file(): I/O warning : failed to load external entity "http://pneskin2.nekoget.com/sitemap.xml" in /var/www/apps/response.php on line 11
[31-Dec-2011 18:52:55] PHP Notice:  Trying to get property of non-object in /var/www/apps/response.php on line 13
[31-Dec-2011 18:52:55] PHP Warning:  Invalid argument supplied for foreach() in /var/www/apps/response.php on line 13
[31-Dec-2011 18:52:55] PHP Notice:  Undefined variable: urls in /var/www/apps/response.php on line 18
[31-Dec-2011 18:52:55] PHP Warning:  implode(): Invalid arguments passed in /var/www/apps/response.php on line 18
[31-Dec-2011 18:53:43] PHP Warning:  simplexml_load_file(http://pneskin2.nekoget.com/sitemaps.xml): failed to open stream: HTTP request failed! HTTP/1.1 404 Not Found
 in /var/www/apps/response.php on line 11
[31-Dec-2011 18:53:43] PHP Warning:  simplexml_load_file(): I/O warning : failed to load external entity "http://pneskin2.nekoget.com/sitemaps.xml" in /var/www/apps/response.php on line 11
[31-Dec-2011 18:53:43] PHP Notice:  Trying to get property of non-object in /var/www/apps/response.php on line 13
[31-Dec-2011 18:53:43] PHP Warning:  Invalid argument supplied for foreach() in /var/www/apps/response.php on line 13
[31-Dec-2011 18:53:43] PHP Notice:  Undefined variable: urls in /var/www/apps/response.php on line 18
[31-Dec-2011 18:53:43] PHP Warning:  implode(): Invalid arguments passed in /var/www/apps/response.php on line 18
[31-Dec-2011 18:54:26] PHP Warning:  simplexml_load_file(http://pneskin2.nekoget.com/press//sitemaps.xml): failed to open stream: HTTP request failed! HTTP/1.1 404 Not Found
 in /var/www/apps/response.php on line 11
[31-Dec-2011 18:54:26] PHP Warning:  simplexml_load_file(): I/O warning : failed to load external entity "http://pneskin2.nekoget.com/press//sitemaps.xml" in /var/www/apps/response.php on line 11
[31-Dec-2011 18:54:26] PHP Notice:  Trying to get property of non-object in /var/www/apps/response.php on line 13
[31-Dec-2011 18:54:26] PHP Warning:  Invalid argument supplied for foreach() in /var/www/apps/response.php on line 13
[31-Dec-2011 18:54:26] PHP Notice:  Undefined variable: urls in /var/www/apps/response.php on line 18
[31-Dec-2011 18:54:26] PHP Warning:  implode(): Invalid arguments passed in /var/www/apps/response.php on line 18
[31-Dec-2011 18:54:36] PHP Warning:  simplexml_load_file(http://pneskin2.nekoget.com/press//sitemap.xml): failed to open stream: HTTP request failed! HTTP/1.1 404 Not Found
 in /var/www/apps/response.php on line 11
[31-Dec-2011 18:54:36] PHP Warning:  simplexml_load_file(): I/O warning : failed to load external entity "http://pneskin2.nekoget.com/press//sitemap.xml" in /var/www/apps/response.php on line 11
[31-Dec-2011 18:54:36] PHP Notice:  Trying to get property of non-object in /var/www/apps/response.php on line 13
[31-Dec-2011 18:54:36] PHP Warning:  Invalid argument supplied for foreach() in /var/www/apps/response.php on line 13
[31-Dec-2011 18:54:36] PHP Notice:  Undefined variable: urls in /var/www/apps/response.php on line 18
[31-Dec-2011 18:54:36] PHP Warning:  implode(): Invalid arguments passed in /var/www/apps/response.php on line 18
[31-Dec-2011 18:55:09] PHP Warning:  simplexml_load_file(http://creazy.net/sitemap.xml): failed to open stream: HTTP request failed! HTTP/1.1 404 Not Found
 in /var/www/apps/response.php on line 11
[31-Dec-2011 18:55:09] PHP Warning:  simplexml_load_file(): I/O warning : failed to load external entity "http://creazy.net/sitemap.xml" in /var/www/apps/response.php on line 11
[31-Dec-2011 18:55:09] PHP Notice:  Trying to get property of non-object in /var/www/apps/response.php on line 13
[31-Dec-2011 18:55:09] PHP Warning:  Invalid argument supplied for foreach() in /var/www/apps/response.php on line 13
[31-Dec-2011 18:55:09] PHP Notice:  Undefined variable: urls in /var/www/apps/response.php on line 18
[31-Dec-2011 18:55:09] PHP Warning:  implode(): Invalid arguments passed in /var/www/apps/response.php on line 18
